Build started 5/3/2017 1:32:05 PM.
     1>Project "C:\Users\Moussa\Desktop\Elevator Simulation System\Elevator Simulation System\Elevator Simulation System.vcxproj" on node 2 (Build target(s)).
     1>ClCompile:
         C:\Program Files (x86)\Microsoft Visual Studio 11.0\VC\bin\CL.exe /c /ZI /nologo /W3 /WX- /Od /Oy- /D WIN32 /D _DEBUG /D _CONSOLE /D _UNICODE /D UNICODE /Gm /EHsc /RTC1 /MDd /GS /fp:precise /Zc:wchar_t /Zc:forScope /Fo"Debug\\" /Fd"Debug\vc110.pdb" /Gd /TP /analyze- /errorReport:prompt "CSCAN Algorithm (Test File).cpp" "CSCAN Algorithm.cpp"
         CSCAN Algorithm.cpp
         CSCAN Algorithm (Test File).cpp
     1>c:\users\moussa\desktop\elevator simulation system\elevator simulation system\elevator.h(692): warning C4018: '<' : signed/unsigned mismatch
     1>c:\users\moussa\desktop\elevator simulation system\elevator simulation system\elevator.h(707): warning C4018: '<' : signed/unsigned mismatch
     1>c:\users\moussa\desktop\elevator simulation system\elevator simulation system\elevator.h(726): warning C4018: '<' : signed/unsigned mismatch
     1>c:\users\moussa\desktop\elevator simulation system\elevator simulation system\elevator.h(737): warning C4018: '<' : signed/unsigned mismatch
     1>c:\users\moussa\desktop\elevator simulation system\elevator simulation system\elevator.h(766): warning C4018: '<' : signed/unsigned mismatch
     1>c:\users\moussa\desktop\elevator simulation system\elevator simulation system\elevator.h(785): warning C4018: '<' : signed/unsigned mismatch
         Generating Code...
       Link:
         C:\Program Files (x86)\Microsoft Visual Studio 11.0\VC\bin\link.exe /ERRORREPORT:PROMPT /OUT:"C:\Users\Moussa\Desktop\Elevator Simulation System\Debug\Elevator Simulation System.exe" /INCREMENTAL /NOLOGO kernel32.lib user32.lib gdi32.lib winspool.lib comdlg32.lib advapi32.lib shell32.lib ole32.lib oleaut32.lib uuid.lib odbc32.lib odbccp32.lib /MANIFEST /MANIFESTUAC:"level='asInvoker' uiAccess='false'" /manifest:embed /DEBUG /PDB:"C:\Users\Moussa\Desktop\Elevator Simulation System\Debug\Elevator Simulation System.pdb" /SUBSYSTEM:CONSOLE /TLBID:1 /DYNAMICBASE /NXCOMPAT /IMPLIB:"C:\Users\Moussa\Desktop\Elevator Simulation System\Debug\Elevator Simulation System.lib" /MACHINE:X86 "Debug\CSCAN Algorithm (Test File).obj"
         "Debug\CSCAN Algorithm.obj"
         "Debug\Shortest Time Algorithm(Test File).obj"
         "Debug\Shortest Time Algorithm.obj"
         Elevator Simulation System.vcxproj -> C:\Users\Moussa\Desktop\Elevator Simulation System\Debug\Elevator Simulation System.exe
     1>Done Building Project "C:\Users\Moussa\Desktop\Elevator Simulation System\Elevator Simulation System\Elevator Simulation System.vcxproj" (Build target(s)).

Build succeeded.

Time Elapsed 00:00:04.39
